{
  "stats": {
    "suites": 0,
    "tests": 1,
    "passes": 0,
    "pending": 0,
    "failures": 1,
    "start": "2024-10-14T22:22:26.671Z",
    "end": "2024-10-14T22:22:26.961Z",
    "duration": 290,
    "testsRegistered": 1,
    "passPercent": 0,
    "pendingPercent": 0,
    "other": 0,
    "hasOther": false,
    "skipped": 0,
    "hasSkipped": false
  },
  "results": [
    {
      "uuid": "93741c95-91cd-476f-a0a3-5855849e4e73",
      "title": "",
      "fullFile": "cypress/integration/examples/BDD/ecommerce.feature",
      "file": "cypress/integration/examples/BDD/ecommerce.feature",
      "beforeHooks": [],
      "afterHooks": [],
      "tests": [
        {
          "title": "An uncaught error was detected outside of a test",
          "fullTitle": "An uncaught error was detected outside of a test",
          "timedOut": null,
          "duration": 278,
          "state": "failed",
          "speed": null,
          "pass": false,
          "fail": true,
          "pending": false,
          "context": "{\n  \"title\": \"cypress-mochawesome-reporter-screenshots\",\n  \"value\": [\n    [\n      \"/ecommerce.feature/An uncaught error was detected outside of a test (failed).png\"\n    ]\n  ]\n}",
          "code": "throw err;",
          "err": {
            "message": "TypeError: The following error originated from your test code, not from Cypress.\n\n  > (0 , import_cypress_cucumber_preprocessor.And) is not a function\n\nWhen Cypress detects uncaught errors originating from your test code it will automatically fail the current test.\n\nCypress could not associate this error to any specific test.\n\nWe dynamically generated a new test to display this failure.",
            "estack": "TypeError: The following error originated from your test code, not from Cypress.\n\n  > (0 , import_cypress_cucumber_preprocessor.And) is not a function\n\nWhen Cypress detects uncaught errors originating from your test code it will automatically fail the current test.\n\nCypress could not associate this error to any specific test.\n\nWe dynamically generated a new test to display this failure.\n    at cypress/integration/examples/BDD/ecommerce/eCommStepDef.js (http://localhost:51012/__cypress/tests?p=cypress/integration/examples/BDD/ecommerce.feature:18625:52)\n    at __require (http://localhost:51012/__cypress/tests?p=cypress/integration/examples/BDD/ecommerce.feature:12:52)\n    at eval (http://localhost:51012/__cypress/tests?p=cypress/integration/examples/BDD/ecommerce.feature:18680:3)\n    at eval (http://localhost:51012/__cypress/tests?p=cypress/integration/examples/BDD/ecommerce.feature:18688:3)\n    at eval (<anonymous>)",
            "diff": null
          },
          "uuid": "70a67c21-fdcd-4294-9f16-edf7a46c662d",
          "parentUUID": "93741c95-91cd-476f-a0a3-5855849e4e73",
          "isHook": false,
          "skipped": false
        }
      ],
      "suites": [],
      "passes": [],
      "failures": [
        "70a67c21-fdcd-4294-9f16-edf7a46c662d"
      ],
      "pending": [],
      "skipped": [],
      "duration": 278,
      "root": true,
      "rootEmpty": false,
      "_timeout": 2000
    }
  ],
  "meta": {
    "mocha": {
      "version": "7.0.1"
    },
    "mochawesome": {
      "options": {
        "quiet": false,
        "reportFilename": "mochawesome",
        "saveHtml": false,
        "saveJson": true,
        "consoleReporter": "spec",
        "useInlineDiffs": false,
        "code": true
      },
      "version": "7.1.3"
    },
    "marge": {
      "options": {
        "overwrite": false,
        "html": false,
        "json": true,
        "reportDir": "cypress/reports/html/.jsons"
      },
      "version": "6.2.0"
    }
  }
}