{
  "stats": {
    "suites": 1,
    "tests": 1,
    "passes": 1,
    "pending": 0,
    "failures": 0,
    "start": "2024-10-14T22:15:17.560Z",
    "end": "2024-10-14T22:15:22.533Z",
    "duration": 4973,
    "testsRegistered": 1,
    "passPercent": 100,
    "pendingPercent": 0,
    "other": 0,
    "hasOther": false,
    "skipped": 0,
    "hasSkipped": false
  },
  "results": [
    {
      "uuid": "80be1960-d7c2-4ae2-ac78-d45def6c139f",
      "title": "",
      "fullFile": "cypress/integration/examples/Test3.js",
      "file": "cypress/integration/examples/Test3.js",
      "beforeHooks": [],
      "afterHooks": [],
      "tests": [],
      "suites": [
        {
          "uuid": "b874a327-2af2-4ee0-ace2-295d5c58c39d",
          "title": "LearnDiffOperations",
          "fullFile": "",
          "file": "",
          "beforeHooks": [],
          "afterHooks": [],
          "tests": [
            {
              "title": "LearnDiffOperations",
              "fullTitle": "LearnDiffOperations LearnDiffOperations",
              "timedOut": null,
              "duration": 3717,
              "state": "passed",
              "speed": "fast",
              "pass": true,
              "fail": false,
              "pending": false,
              "context": null,
              "code": "cy.visit(\"https://rahulshettyacademy.com/AutomationPractice/\");\ncy.get(\"#alertbtn\").click();\ncy.get('[value=\"Confirm\"]').click();\ncy.on(\"window:alert\", (str) => {\n  expect(str).to.equal(\"Hello , share this practice page and share your knowledge\");\n});\ncy.on(\"window:confirm\", (str) => {\n  expect(str).to.equal(\"Hello , Are you sure you want to confirm?\");\n});",
              "err": {},
              "uuid": "63841825-be0e-4b0a-b791-9a220e5f09d9",
              "parentUUID": "b874a327-2af2-4ee0-ace2-295d5c58c39d",
              "isHook": false,
              "skipped": false
            }
          ],
          "suites": [],
          "passes": [
            "63841825-be0e-4b0a-b791-9a220e5f09d9"
          ],
          "failures": [],
          "pending": [],
          "skipped": [],
          "duration": 3717,
          "root": false,
          "rootEmpty": false,
          "_timeout": 2000
        }
      ],
      "passes": [],
      "failures": [],
      "pending": [],
      "skipped": [],
      "duration": 0,
      "root": true,
      "rootEmpty": true,
      "_timeout": 2000
    }
  ],
  "meta": {
    "mocha": {
      "version": "7.0.1"
    },
    "mochawesome": {
      "options": {
        "quiet": false,
        "reportFilename": "mochawesome",
        "saveHtml": false,
        "saveJson": true,
        "consoleReporter": "spec",
        "useInlineDiffs": false,
        "code": true
      },
      "version": "7.1.3"
    },
    "marge": {
      "options": {
        "overwrite": false,
        "html": false,
        "json": true,
        "reportDir": "cypress/reports/html/.jsons"
      },
      "version": "6.2.0"
    }
  }
}