{
  "stats": {
    "suites": 1,
    "tests": 1,
    "passes": 1,
    "pending": 0,
    "failures": 0,
    "start": "2024-10-14T22:14:59.641Z",
    "end": "2024-10-14T22:15:07.760Z",
    "duration": 8119,
    "testsRegistered": 1,
    "passPercent": 100,
    "pendingPercent": 0,
    "other": 0,
    "hasOther": false,
    "skipped": 0,
    "hasSkipped": false
  },
  "results": [
    {
      "uuid": "3a5786f0-b16b-4d93-b7a4-30dd0c6236e3",
      "title": "",
      "fullFile": "cypress/integration/examples/Test1.js",
      "file": "cypress/integration/examples/Test1.js",
      "beforeHooks": [],
      "afterHooks": [],
      "tests": [],
      "suites": [
        {
          "uuid": "99409c53-9d2a-4b9a-ac34-61e7936bc8d3",
          "title": "My First Test Suite",
          "fullFile": "",
          "file": "",
          "beforeHooks": [],
          "afterHooks": [],
          "tests": [
            {
              "title": "My First Test Case",
              "fullTitle": "My First Test Suite My First Test Case",
              "timedOut": null,
              "duration": 6330,
              "state": "passed",
              "speed": "medium",
              "pass": true,
              "fail": false,
              "pending": false,
              "context": null,
              "code": "cy.visit(\"https://rahulshettyacademy.com/seleniumPractise/#/\");\ncy.get(\".search-keyword\").type(\"ca\");\ncy.wait(2e3);\ncy.get(\".product:visible\").should(\"have.length\", 4);\ncy.get(\".products\").as(\"parentProductLocator\");\ncy.get(\"@parentProductLocator\").find(\".product\").should(\"have.length\", 4);\ncy.get(\"@parentProductLocator\").find(\".product\").eq(1).contains(\"ADD TO CART\").click().then(function() {\n  console.log(\"Test Logs in console with then\");\n});\ncy.get(\"@parentProductLocator\").find(\".product\").each(($el, index, $list) => {\n  const testVeg = $el.find(\"h4.product-name\").text();\n  if (testVeg.includes(\"Cashews\")) {\n    cy.wrap($el).find(\"button\").click();\n  }\n});\ncy.get(\".brand.greenLogo\").then(\n  function(logoElement) {\n    cy.log(logoElement.text());\n  }\n);\ncy.get(\".brand.greenLogo\").should(\"have.text\", \"GREENKART\");\nconsole.log(\"Test the Logs\");",
              "err": {},
              "uuid": "c0e0fc3a-a255-4f11-88d8-b6986b7ff660",
              "parentUUID": "99409c53-9d2a-4b9a-ac34-61e7936bc8d3",
              "isHook": false,
              "skipped": false
            }
          ],
          "suites": [],
          "passes": [
            "c0e0fc3a-a255-4f11-88d8-b6986b7ff660"
          ],
          "failures": [],
          "pending": [],
          "skipped": [],
          "duration": 6330,
          "root": false,
          "rootEmpty": false,
          "_timeout": 2000
        }
      ],
      "passes": [],
      "failures": [],
      "pending": [],
      "skipped": [],
      "duration": 0,
      "root": true,
      "rootEmpty": true,
      "_timeout": 2000
    }
  ],
  "meta": {
    "mocha": {
      "version": "7.0.1"
    },
    "mochawesome": {
      "options": {
        "quiet": false,
        "reportFilename": "mochawesome",
        "saveHtml": false,
        "saveJson": true,
        "consoleReporter": "spec",
        "useInlineDiffs": false,
        "code": true
      },
      "version": "7.1.3"
    },
    "marge": {
      "options": {
        "overwrite": false,
        "html": false,
        "json": true,
        "reportDir": "cypress/reports/html/.jsons"
      },
      "version": "6.2.0"
    }
  }
}