{
  "stats": {
    "suites": 1,
    "tests": 1,
    "passes": 1,
    "pending": 0,
    "failures": 0,
    "start": "2024-10-14T22:15:08.596Z",
    "end": "2024-10-14T22:15:16.734Z",
    "duration": 8138,
    "testsRegistered": 1,
    "passPercent": 100,
    "pendingPercent": 0,
    "other": 0,
    "hasOther": false,
    "skipped": 0,
    "hasSkipped": false
  },
  "results": [
    {
      "uuid": "351ad541-7d0f-4cb2-afd4-230c28cfab3f",
      "title": "",
      "fullFile": "cypress/integration/examples/Test2.js",
      "file": "cypress/integration/examples/Test2.js",
      "beforeHooks": [],
      "afterHooks": [],
      "tests": [],
      "suites": [
        {
          "uuid": "cff1aa52-b0a5-4ff8-a99f-f7571d0db05f",
          "title": "LearnDiffOperations",
          "fullFile": "",
          "file": "",
          "beforeHooks": [],
          "afterHooks": [],
          "tests": [
            {
              "title": "LearnDiffOperations",
              "fullTitle": "LearnDiffOperations LearnDiffOperations",
              "timedOut": null,
              "duration": 6887,
              "state": "passed",
              "speed": "medium",
              "pass": true,
              "fail": false,
              "pending": false,
              "context": null,
              "code": "cy.visit(Cypress.env(\"url\") + \"AutomationPractice/\");\ncy.get(\"#checkBoxOption1\").check().should(\"be.checked\").and(\"have.value\", \"option1\");\ncy.get(\"#checkBoxOption1\").uncheck().should(\"not.be.checked\");\ncy.get('input[type=\"checkbox\"]').check([\"option2\", \"option3\"]);\ncy.get(\"select\").select(\"Option3\").should(\"have.value\", \"option3\");\ncy.get(\"#autocomplete\").type(\"ind\");\ncy.get(\".ui-menu-item div\").each(($el, index, $list) => {\n  if ($el.text() == \"India\") {\n    cy.wrap($el).click();\n  }\n});\ncy.get(\"#autocomplete\").should(\"have.value\", \"India\");\ncy.get(\"#displayed-text\").should(\"be.visible\");\ncy.get(\"#hide-textbox\").click();\ncy.get(\"#displayed-text\").should(\"not.be.visible\");\ncy.get(\"#show-textbox\").click();\ncy.get(\"#displayed-text\").should(\"be.visible\");\ncy.get('[value=\"radio3\"]').check().should(\"be.checked\");",
              "err": {},
              "uuid": "88953600-67f7-4d43-a355-fc2be2d53529",
              "parentUUID": "cff1aa52-b0a5-4ff8-a99f-f7571d0db05f",
              "isHook": false,
              "skipped": false
            }
          ],
          "suites": [],
          "passes": [
            "88953600-67f7-4d43-a355-fc2be2d53529"
          ],
          "failures": [],
          "pending": [],
          "skipped": [],
          "duration": 6887,
          "root": false,
          "rootEmpty": false,
          "_timeout": 2000
        }
      ],
      "passes": [],
      "failures": [],
      "pending": [],
      "skipped": [],
      "duration": 0,
      "root": true,
      "rootEmpty": true,
      "_timeout": 2000
    }
  ],
  "meta": {
    "mocha": {
      "version": "7.0.1"
    },
    "mochawesome": {
      "options": {
        "quiet": false,
        "reportFilename": "mochawesome",
        "saveHtml": false,
        "saveJson": true,
        "consoleReporter": "spec",
        "useInlineDiffs": false,
        "code": true
      },
      "version": "7.1.3"
    },
    "marge": {
      "options": {
        "overwrite": false,
        "html": false,
        "json": true,
        "reportDir": "cypress/reports/html/.jsons"
      },
      "version": "6.2.0"
    }
  }
}